#-----------------------------------------------------------
# Vivado v2019.1 (64-bit)
# SW Build 2552052 on Fri May 24 14:49:42 MDT 2019
# IP Build 2548770 on Fri May 24 18:01:18 MDT 2019
# Start of session at: Mon Apr  6 06:13:28 2020
# Process ID: 9992
# Current directory: C:/Users/Swiggy/Documents/vivado/cpu_phase2
# Command line: vivado.exe -gui_launcher_event rodinguilauncherevent668 C:\Users\Swiggy\Documents\vivado\cpu_phase2\cpu_phase2.xpr
# Log file: C:/Users/Swiggy/Documents/vivado/cpu_phase2/vivado.log
# Journal file: C:/Users/Swiggy/Documents/vivado/cpu_phase2\vivado.jou
#-----------------------------------------------------------
start_gui
open_project C:/Users/Swiggy/Documents/vivado/cpu_phase2/cpu_phase2.xpr
INFO: [Project 1-313] Project file moved from 'C:/Users/giuli/cpu_phase2' since last save.
Scanning sources...
Finished scanning sources
INFO: [IP_Flow 19-234] Refreshing IP repositories
INFO: [IP_Flow 19-1704] No user IP repositories specified
INFO: [IP_Flow 19-2313] Loaded Vivado IP repository 'C:/Xilinx/Vivado/2019.1/data/ip'.
open_project: Time (s): cpu = 00:00:13 ; elapsed = 00:00:06 . Memory (MB): peak = 726.410 ; gain = 73.559
update_compile_order -fileset sources_1
launch_runs synth_1 -jobs 14
[Mon Apr  6 06:14:17 2020] Launched synth_1...
Run output will be captured here: C:/Users/Swiggy/Documents/vivado/cpu_phase2/cpu_phase2.runs/synth_1/runme.log
reset_run synth_1
launch_runs synth_1 -jobs 14
[Mon Apr  6 06:17:44 2020] Launched synth_1...
Run output will be captured here: C:/Users/Swiggy/Documents/vivado/cpu_phase2/cpu_phase2.runs/synth_1/runme.log
open_hw
launch_runs impl_1 -jobs 14
[Mon Apr  6 06:19:27 2020] Launched synth_1...
Run output will be captured here: C:/Users/Swiggy/Documents/vivado/cpu_phase2/cpu_phase2.runs/synth_1/runme.log
[Mon Apr  6 06:19:27 2020] Launched impl_1...
Run output will be captured here: C:/Users/Swiggy/Documents/vivado/cpu_phase2/cpu_phase2.runs/impl_1/runme.log
reset_run synth_1
exit
INFO: [Common 17-206] Exiting Vivado at Mon Apr  6 06:19:45 2020...
